
20.02.2025 3:13 -> 0 Debug/File
Image was load: 1 | SIZE: 48880 .
20.02.2025 3:13 -> 0 Debug/File
Image was load: 2 | SIZE: 66496 .
20.02.2025 3:13 -> 0 Debug/File
New MSG: 36
20.02.2025 3:13 -> 0 Debug/File
New MSG: 129
20.02.2025 3:13 -> 0 Debug/File
New MSG: 131
20.02.2025 3:13 -> 0 Debug/File
New MSG: 1
20.02.2025 3:13 -> 0 Debug/File
New MSG: 12
20.02.2025 3:13 -> 0 Debug/File
New MSG: 128
20.02.2025 3:13 -> 0 Debug/File
New MSG: 14
20.02.2025 3:13 -> 0 Debug/File
New MSG: 13
20.02.2025 3:13 -> 0 Debug/File
New MSG: 124
20.02.2025 3:13 -> 0 Debug/File
New MSG: 125
20.02.2025 3:13 -> 0 Debug/File
New MSG: 127
20.02.2025 3:13 -> 0 Debug/File
New MSG: 70
20.02.2025 3:13 -> 0 Debug/File
New MSG: 71
20.02.2025 3:13 -> 0 Debug/File
New MSG: 24
20.02.2025 3:13 -> 0 Debug/File
New MSG: 528
20.02.2025 3:13 -> 0 Debug/File
New MSG: 85
20.02.2025 3:13 -> 0 Debug/File
New MSG: 297
20.02.2025 3:13 -> 0 Debug/File
New MSG: 295
20.02.2025 3:13 -> 0 Debug/File
New MSG: 296
20.02.2025 3:13 -> 0 Debug/File
New MSG: 3
20.02.2025 3:13 -> 0 Debug/File
New MSG: 273
20.02.2025 3:13 -> 0 Debug/File
New MSG: 28
20.02.2025 3:13 -> 0 Debug/File
New MSG: 134
20.02.2025 3:13 -> 0 Debug/File
New MSG: 6
20.02.2025 3:13 -> 0 Debug/File
New MSG: 307
20.02.2025 3:13 -> 0 Debug/File
New MSG: 133
20.02.2025 3:13 -> 0 Debug/File
New MSG: 20
20.02.2025 3:13 -> 0 Debug/File
New MSG: 309
20.02.2025 3:13 -> 0 Debug/File
New MSG: 792
20.02.2025 3:13 -> 0 Debug/File
New MSG: 5
20.02.2025 3:13 -> 0 Debug/File
New MSG: 799
20.02.2025 3:13 -> 0 Debug/File
New MSG: 49343
20.02.2025 3:13 -> 0 Debug/File
New MSG: 49643
20.02.2025 3:13 -> 0 Debug/File
New MSG: 132
20.02.2025 3:13 -> 0 Debug/File
New MSG: 32
20.02.2025 3:13 -> 0 Debug/File
New MSG: 49633
20.02.2025 3:13 -> 0 Debug/File
New MSG: 512
20.02.2025 3:13 -> 0 Debug/File
New MSG: 15
20.02.2025 3:13 -> 0 Debug/File
New MSG: 312
20.02.2025 3:13 -> 0 Debug/File
New MSG: 673
20.02.2025 3:13 -> 0 Debug/File
New MSG: 675
20.02.2025 3:13 -> 0 Debug/File
New MSG: 33
20.02.2025 3:13 -> 0 Debug/File
New MSG: 513
20.02.2025 3:13 -> 0 Debug/File
New MSG: 514
20.02.2025 3:13 -> 0 Debug/File
New MSG: 533
20.02.2025 3:13 -> 0 Debug/File
New MSG: 43
20.02.2025 3:14 -> 0 Debug/File
New MSG: 31
20.02.2025 3:14 -> 0 Debug/File
New MSG: 10
20.02.2025 3:14 -> 0 Debug/File
New MSG: 174
20.02.2025 3:14 -> 0 Debug/File
New MSG: 160
20.02.2025 3:14 -> 0 Debug/File
New MSG: 674
20.02.2025 3:15 -> 0 Debug/File
Image was load: 1 | SIZE: 48880 .
20.02.2025 3:15 -> 0 Debug/File
Image was load: 2 | SIZE: 66496 .
20.02.2025 3:16 -> 0 Debug/File
Image was load: 1 | SIZE: 48880 .
20.02.2025 3:16 -> 0 Debug/File
Image was load: 2 | SIZE: 66496 .
20.02.2025 3:17 -> 0 Debug/File
Image was load: 1 | SIZE: 48880 .
20.02.2025 3:17 -> 0 Debug/File
Image was load: 2 | SIZE: 66496 .
20.02.2025 3:18 -> 0 Debug/File
Image was load: 1 | SIZE: 48880 .
20.02.2025 3:18 -> 0 Debug/File
Image was load: 2 | SIZE: 66496 .
20.02.2025 3:18 -> 0 Debug/File
Image was load: 1 | SIZE: 48880 .
20.02.2025 3:18 -> 0 Debug/File
Image was load: 2 | SIZE: 66496 .
20.02.2025 3:19 -> 0 Debug/File
Image was load: 1 | SIZE: 48880 .
20.02.2025 3:19 -> 0 Debug/File
Image was load: 2 | SIZE: 66496 .
20.02.2025 3:20 -> 0 Debug/File
Image was load: 1 | SIZE: 48880 .
20.02.2025 3:20 -> 0 Debug/File
Image was load: 2 | SIZE: 66496 .
20.02.2025 3:22 -> 0 Debug/File
Image was load: 1 | SIZE: 48880 .
20.02.2025 3:22 -> 0 Debug/File
Image was load: 2 | SIZE: 66496 .
20.02.2025 3:22 -> 0 Debug/File
Image was load: 1 | SIZE: 48880 .
20.02.2025 3:22 -> 0 Debug/File
Image was load: 2 | SIZE: 66496 .
20.02.2025 3:23 -> 0 Debug/File
Image was load: 1 | SIZE: 48880 .
20.02.2025 3:23 -> 0 Debug/File
Image was load: 2 | SIZE: 66496 .
20.02.2025 3:23 -> 0 Debug/File
Image was load: 1 | SIZE: 48880 .
20.02.2025 3:23 -> 0 Debug/File
Image was load: 2 | SIZE: 66496 .
20.02.2025 3:23 -> 0 Debug/File
Image was load: 1 | SIZE: 48880 .
20.02.2025 3:23 -> 0 Debug/File
Image was load: 2 | SIZE: 66496 .
20.02.2025 3:25 -> 0 Debug/File
Image was load: 1 | SIZE: 48880 .
20.02.2025 3:25 -> 0 Debug/File
Image was load: 2 | SIZE: 66496 .
20.02.2025 3:28 -> 0 Debug/File
Image was load: 1 | SIZE: 48880 .
20.02.2025 3:28 -> 0 Debug/File
Image was load: 2 | SIZE: 66496 .
20.02.2025 3:46 -> 0 Debug/File
Image was load: 1 | SIZE: 48880 .
20.02.2025 3:46 -> 0 Debug/File
Image was load: 2 | SIZE: 66496 .
20.02.2025 3:55 -> 0 Debug/File
Image was load: 1 | SIZE: 48880 .
20.02.2025 3:55 -> 0 Debug/File
Image was load: 2 | SIZE: 66496 .
20.02.2025 3:55 -> 0 Debug/File
Image was load: 1 | SIZE: 48880 .
20.02.2025 3:55 -> 0 Debug/File
Image was load: 2 | SIZE: 66496 .
20.02.2025 3:59 -> 0 Debug/File
Image was load: 1 | SIZE: 48880 .
20.02.2025 3:59 -> 0 Debug/File
Image was load: 2 | SIZE: 66496 .
20.02.2025 4:03 -> 0 Debug/File
Image was load: 1 | SIZE: 48880 .
20.02.2025 4:03 -> 0 Debug/File
Image was load: 2 | SIZE: 66496 .
20.02.2025 4:06 -> 0 Debug/File
Image was load: 1 | SIZE: 48880 .
20.02.2025 4:06 -> 0 Debug/File
Image was load: 2 | SIZE: 66496 .
20.02.2025 4:08 -> 0 Debug/File
Image was load: 1 | SIZE: 48880 .
20.02.2025 4:08 -> 0 Debug/File
Image was load: 2 | SIZE: 66496 .
20.02.2025 4:09 -> 0 Debug/File
Image was load: 1 | SIZE: 48880 .
20.02.2025 4:09 -> 0 Debug/File
Image was load: 2 | SIZE: 66496 .
20.02.2025 4:12 -> 0 Debug/File
Image was load: 1 | SIZE: 48880 .
20.02.2025 4:12 -> 0 Debug/File
Image was load: 2 | SIZE: 66496 .
20.02.2025 4:13 -> 0 Debug/File
Image was load: 1 | SIZE: 48880 .
20.02.2025 4:13 -> 0 Debug/File
Image was load: 2 | SIZE: 66496 .
20.02.2025 16:08 -> 0 Debug/File
Image was load: 1 | SIZE: 48880 .
20.02.2025 16:08 -> 0 Debug/File
Image was load: 2 | SIZE: 66496 .
20.02.2025 16:16 -> 0 Debug/File
Image was load: 1 | SIZE: 48880 .
20.02.2025 16:16 -> 0 Debug/File
Image was load: 2 | SIZE: 66496 .
20.02.2025 16:17 -> 0 Debug/File
Image was load: 1 | SIZE: 48880 .
20.02.2025 16:17 -> 0 Debug/File
Image was load: 2 | SIZE: 66496 .
20.02.2025 16:34 -> 0 Debug/File
Image was load: 1 | SIZE: 48880 .
20.02.2025 16:34 -> 0 Debug/File
Image was load: 2 | SIZE: 66496 .
20.02.2025 16:45 -> 0 Debug/File
Image was load: 1 | SIZE: 48880 .
20.02.2025 16:45 -> 0 Debug/File
Image was load: 2 | SIZE: 66496 .
20.02.2025 16:47 -> 0 Debug/File
Image was load: 1 | SIZE: 48880 .
20.02.2025 16:47 -> 0 Debug/File
Image was load: 2 | SIZE: 66496 .
20.02.2025 16:49 -> 0 Debug/File
Image was load: 1 | SIZE: 48880 .
20.02.2025 16:49 -> 0 Debug/File
Image was load: 2 | SIZE: 66496 .
20.02.2025 16:51 -> 0 Debug/File
Image was load: 1 | SIZE: 48880 .
20.02.2025 16:51 -> 0 Debug/File
Image was load: 2 | SIZE: 66496 .
20.02.2025 16:53 -> 0 Debug/File
Image was load: 1 | SIZE: 48880 .
20.02.2025 16:53 -> 0 Debug/File
Image was load: 2 | SIZE: 66496 .
20.02.2025 16:57 -> 0 Debug/File
Image was load: 1 | SIZE: 48880 .
20.02.2025 16:57 -> 0 Debug/File
Image was load: 2 | SIZE: 66496 .
20.02.2025 16:58 -> 0 Debug/File
Image was load: 1 | SIZE: 48880 .
20.02.2025 16:58 -> 0 Debug/File
Image was load: 2 | SIZE: 66496 .
20.02.2025 17:19 -> 0 Debug/File
Image was load: 1 | SIZE: 48880 .
20.02.2025 17:19 -> 0 Debug/File
Image was load: 2 | SIZE: 66496 .
20.02.2025 17:20 -> 0 Debug/File
Image was load: 1 | SIZE: 48880 .
20.02.2025 17:20 -> 0 Debug/File
Image was load: 2 | SIZE: 66496 .
20.02.2025 17:20 -> 0 Debug/File
Image was load: 1 | SIZE: 48880 .
20.02.2025 17:20 -> 0 Debug/File
Image was load: 2 | SIZE: 66496 .
20.02.2025 17:23 -> 0 Debug/File
Image was load: 1 | SIZE: 48880 .
20.02.2025 17:23 -> 0 Debug/File
Image was load: 2 | SIZE: 66496 .
20.02.2025 17:24 -> 0 Debug/File
Image was load: 1 | SIZE: 48880 .
20.02.2025 17:24 -> 0 Debug/File
Image was load: 2 | SIZE: 66496 .
20.02.2025 17:25 -> 0 Debug/File
Image was load: 1 | SIZE: 48880 .
20.02.2025 17:25 -> 0 Debug/File
Image was load: 2 | SIZE: 66496 .
20.02.2025 17:26 -> 0 Debug/File
Image was load: 1 | SIZE: 48880 .
20.02.2025 17:26 -> 0 Debug/File
Image was load: 2 | SIZE: 66496 .
20.02.2025 17:26 -> 1 Debug/File
System.ArgumentOutOfRangeException: InvalidArgument=Значение '0' недопустимо для 'index'.
Имя параметра: index
   в System.Windows.Forms.ListView.SelectedListViewItemCollection.get_Item(Int32 index)
   в FitnessClub.Lenta.Images_Form.listView1_SelectedIndexChanged(Object sender, EventArgs e) в C:\Users\кирилл\source\repos\Study\FitnessClub\Lenta\Images_Form.cs:строка 48
20.02.2025 17:27 -> 0 Debug/File
Image was load: 1 | SIZE: 48880 .
20.02.2025 17:27 -> 0 Debug/File
Image was load: 2 | SIZE: 66496 .
20.02.2025 17:27 -> 1 Debug/File
System.ArgumentOutOfRangeException: InvalidArgument=Значение '0' недопустимо для 'index'.
Имя параметра: index
   в System.Windows.Forms.ListView.SelectedListViewItemCollection.get_Item(Int32 index)
   в FitnessClub.Lenta.Images_Form.<listView1_SelectedIndexChanged>b__3_0(KeyValuePair`2 x) в C:\Users\кирилл\source\repos\Study\FitnessClub\Lenta\Images_Form.cs:строка 49
   в System.Linq.Enumerable.WhereEnumerableIterator`1.MoveNext()
   в System.Linq.Enumerable.FirstOrDefault[TSource](IEnumerable`1 source)
   в FitnessClub.Lenta.Images_Form.listView1_SelectedIndexChanged(Object sender, EventArgs e) в C:\Users\кирилл\source\repos\Study\FitnessClub\Lenta\Images_Form.cs:строка 49
20.02.2025 17:28 -> 0 Debug/File
Image was load: 1 | SIZE: 48880 .
20.02.2025 17:28 -> 0 Debug/File
Image was load: 2 | SIZE: 66496 .
20.02.2025 17:29 -> 0 Debug/File
Image was load: 1 | SIZE: 48880 .
20.02.2025 17:29 -> 0 Debug/File
Image was load: 2 | SIZE: 66496 .
20.02.2025 17:37 -> 0 Debug/File
Image was load: 1 | SIZE: 48880 .
20.02.2025 17:37 -> 0 Debug/File
Image was load: 2 | SIZE: 66496 .
20.02.2025 17:37 -> 0 Debug/File
Image was load: 1 | SIZE: 48880 .
20.02.2025 17:37 -> 0 Debug/File
Image was load: 2 | SIZE: 66496 .
20.02.2025 17:37 -> 0 Debug/File
Image was load: 3 | SIZE: 77924 .
20.02.2025 17:43 -> 0 Debug/File
Image was load: 1 | SIZE: 48880 .
20.02.2025 17:43 -> 0 Debug/File
Image was load: 2 | SIZE: 66496 .
20.02.2025 17:43 -> 0 Debug/File
Image was load: 3 | SIZE: 77924 .
20.02.2025 17:44 -> 0 Debug/File
Image was load: 1 | SIZE: 48880 .
20.02.2025 17:44 -> 0 Debug/File
Image was load: 2 | SIZE: 66496 .
20.02.2025 17:48 -> 0 Debug/File
Image was load: 1 | SIZE: 48880 .
20.02.2025 17:48 -> 0 Debug/File
Image was load: 2 | SIZE: 66496 .
20.02.2025 17:48 -> 0 Debug/File
Image was load: 1 | SIZE: 48880 .
20.02.2025 17:48 -> 0 Debug/File
Image was load: 2 | SIZE: 66496 .
20.02.2025 17:48 -> 0 Debug/File
Image was load: 3 | SIZE: 77924 .
20.02.2025 17:48 -> 0 Debug/File
Image was load: 1 | SIZE: 48880 .
20.02.2025 17:48 -> 0 Debug/File
Image was load: 2 | SIZE: 66496 .
22.02.2025 1:08 -> 0 Debug/File
Image was load: 1 | SIZE: 48880 .
22.02.2025 1:08 -> 0 Debug/File
Image was load: 2 | SIZE: 66496 .
22.02.2025 1:09 -> 0 Debug/File
Image was load: 1 | SIZE: 48880 .
22.02.2025 1:09 -> 0 Debug/File
Image was load: 2 | SIZE: 77924 .
22.02.2025 1:09 -> 0 Debug/File
Image was load: 1 | SIZE: 48880 .
22.02.2025 1:09 -> 0 Debug/File
Image was load: 2 | SIZE: 66496 .
22.02.2025 1:21 -> 0 Debug/File
Image was load: 1 | SIZE: 48880 .
22.02.2025 1:21 -> 0 Debug/File
Image was load: 2 | SIZE: 66496 .
22.02.2025 1:22 -> 0 Debug/File
Image was load: 1 | SIZE: 48880 .
22.02.2025 1:22 -> 0 Debug/File
Image was load: 2 | SIZE: 66496 .
22.02.2025 1:33 -> 0 Debug/File
Image was load: 1 | SIZE: 48880 .
22.02.2025 1:33 -> 0 Debug/File
Image was load: 2 | SIZE: 66496 .
22.02.2025 1:42 -> 0 Debug/File
Image was load: 1 | SIZE: 48880 .
22.02.2025 1:42 -> 0 Debug/File
Image was load: 2 | SIZE: 66496 .
22.02.2025 1:49 -> 0 Debug/File
Image was load: 1 | SIZE: 48880 .
22.02.2025 1:49 -> 0 Debug/File
Image was load: 2 | SIZE: 66496 .
22.02.2025 1:51 -> 0 Debug/File
Image was load: 1 | SIZE: 48880 .
22.02.2025 1:51 -> 0 Debug/File
Image was load: 2 | SIZE: 66496 .
25.02.2025 22:17 -> 0 Debug/File
Image was load: 1 | SIZE: 48880 .
25.02.2025 22:17 -> 0 Debug/File
Image was load: 2 | SIZE: 66496 .
25.02.2025 22:18 -> 0 Debug/File
Image was load: 1 | SIZE: 48880 .
25.02.2025 22:18 -> 0 Debug/File
Image was load: 2 | SIZE: 66496 .
25.02.2025 22:34 -> 0 Debug/File
Image was load: 1 | SIZE: 48880 .
25.02.2025 22:34 -> 0 Debug/File
Image was load: 2 | SIZE: 66496 .
25.02.2025 22:34 -> 0 Debug/File
{
  "Errors": [
    {
      "Source": ".Net SqlClient Data Provider",
      "Number": 102,
      "State": 1,
      "Class": 15,
      "Server": "DESKTOP-GTTK21I\\SQLEXPRESS",
      "Message": "Неправильный синтаксис около конструкции \"ClientID\".",
      "Procedure": "",
      "LineNumber": 1
    }
  ],
  "ClientConnectionId": "8c7985d8-583d-47a0-8fc9-2f730275bea3",
  "ClassName": "System.Data.SqlClient.SqlException",
  "Message": "Неправильный синтаксис около конструкции \"ClientID\".",
  "Data": {
    "HelpLink.ProdName": "Microsoft SQL Server",
    "HelpLink.ProdVer": "16.00.1000",
    "HelpLink.EvtSrc": "MSSQLServer",
    "HelpLink.EvtID": "102",
    "HelpLink.BaseHelpUrl": "http://go.microsoft.com/fwlink",
    "HelpLink.LinkId": "20476"
  },
  "InnerException": null,
  "HelpURL": null,
  "StackTraceString": "   в System.Data.SqlClient.SqlConnection.OnError(SqlException exception, Boolean breakConnection, Action`1 wrapCloseInAction)\r\n   в System.Data.SqlClient.SqlInternalConnection.OnError(SqlException exception, Boolean breakConnection, Action`1 wrapCloseInAction)\r\n   в System.Data.SqlClient.TdsParser.ThrowExceptionAndWarning(TdsParserStateObject stateObj, Boolean callerHasConnectionLock, Boolean asyncClose)\r\n   в System.Data.SqlClient.TdsParser.TryRun(RunBehavior runBehavior, SqlCommand cmdHandler, SqlDataReader dataStream, BulkCopySimpleResultSet bulkCopyHandler, TdsParserStateObject stateObj, Boolean& dataReady)\r\n   в System.Data.SqlClient.SqlDataReader.TryConsumeMetaData()\r\n   в System.Data.SqlClient.SqlDataReader.get_MetaData()\r\n   в System.Data.SqlClient.SqlCommand.FinishExecuteReader(SqlDataReader ds, RunBehavior runBehavior, String resetOptionsString, Boolean isInternal, Boolean forDescribeParameterEncryption, Boolean shouldCacheForAlwaysEncrypted)\r\n   в System.Data.SqlClient.SqlCommand.RunExecuteReaderTds(CommandBehavior cmdBehavior, RunBehavior runBehavior, Boolean returnStream, Boolean async, Int32 timeout, Task& task, Boolean asyncWrite, Boolean inRetry, SqlDataReader ds, Boolean describeParameterEncryptionRequest)\r\n   в System.Data.SqlClient.SqlCommand.RunExecuteReader(CommandBehavior cmdBehavior, RunBehavior runBehavior, Boolean returnStream, String method, TaskCompletionSource`1 completion, Int32 timeout, Task& task, Boolean& usedCache, Boolean asyncWrite, Boolean inRetry)\r\n   в System.Data.SqlClient.SqlCommand.RunExecuteReader(CommandBehavior cmdBehavior, RunBehavior runBehavior, Boolean returnStream, String method)\r\n   в System.Data.SqlClient.SqlCommand.ExecuteReader(CommandBehavior behavior, String method)\r\n   в System.Data.SqlClient.SqlCommand.ExecuteReader()\r\n   в FitnessClub.Program.Select(String sql, Boolean ignoreDebug) в C:\\Users\\кирилл\\source\\repos\\Study\\FitnessClub\\Program.cs:строка 139",
  "RemoteStackTraceString": null,
  "RemoteStackIndex": 0,
  "ExceptionMethod": "8\nOnError\nSystem.Data, Version=4.0.0.0, Culture=neutral, PublicKeyToken=b77a5c561934e089\nSystem.Data.SqlClient.SqlConnection\nVoid OnError(System.Data.SqlClient.SqlException, Boolean, System.Action`1[System.Action])",
  "HResult": -2146232060,
  "Source": ".Net SqlClient Data Provider",
  "WatsonBuckets": null
}
25.02.2025 22:35 -> 0 Debug/File
Image was load: 1 | SIZE: 48880 .
25.02.2025 22:35 -> 0 Debug/File
Image was load: 2 | SIZE: 66496 .
25.02.2025 22:36 -> 0 Debug/File
Image was load: 1 | SIZE: 48880 .
25.02.2025 22:36 -> 0 Debug/File
Image was load: 2 | SIZE: 66496 .
25.02.2025 22:36 -> 0 Debug/File
Image was load: 1 | SIZE: 48880 .
25.02.2025 22:36 -> 0 Debug/File
Image was load: 2 | SIZE: 66496 .
25.02.2025 22:36 -> 0 Debug/File
Image was load: 1 | SIZE: 48880 .
25.02.2025 22:36 -> 0 Debug/File
Image was load: 2 | SIZE: 66496 .
25.02.2025 22:37 -> 0 Debug/File
Image was load: 1 | SIZE: 48880 .
25.02.2025 22:37 -> 0 Debug/File
Image was load: 2 | SIZE: 66496 .
25.02.2025 22:37 -> 0 Debug/File
Microsoft.CSharp.RuntimeBinder.RuntimeBinderException: Наиболее подходящий перегруженный метод для "System.Collections.Generic.Dictionary<int,System.Drawing.Bitmap>.this[int]" имеет несколько недопустимых аргументов
   в CallSite.Target(Closure , CallSite , Dictionary`2 , Object )
   в System.Dynamic.UpdateDelegates.UpdateAndExecute2[T0,T1,TRet](CallSite site, T0 arg0, T1 arg1)
   в FitnessClub.Other.MeAccount_Form.MeAccount_Form_Load(Object sender, EventArgs e) в C:\Users\кирилл\source\repos\Study\FitnessClub\Other\MeAccount_Form.cs:строка 29
25.02.2025 22:39 -> 0 Debug/File
Image was load: 1 | SIZE: 48880 .
25.02.2025 22:39 -> 0 Debug/File
Image was load: 2 | SIZE: 66496 .
25.02.2025 22:39 -> 0 Debug/File
Microsoft.CSharp.RuntimeBinder.RuntimeBinderException: Наиболее подходящий перегруженный метод для "System.Collections.Generic.Dictionary<int,System.Drawing.Bitmap>.this[int]" имеет несколько недопустимых аргументов
   в CallSite.Target(Closure , CallSite , Dictionary`2 , Object )
   в System.Dynamic.UpdateDelegates.UpdateAndExecute2[T0,T1,TRet](CallSite site, T0 arg0, T1 arg1)
   в FitnessClub.Other.MeAccount_Form.MeAccount_Form_Load(Object sender, EventArgs e) в C:\Users\кирилл\source\repos\Study\FitnessClub\Other\MeAccount_Form.cs:строка 30
25.02.2025 22:39 -> 0 Debug/File
Image was load: 1 | SIZE: 48880 .
25.02.2025 22:39 -> 0 Debug/File
Image was load: 2 | SIZE: 66496 .
25.02.2025 22:41 -> 0 Debug/File
Image was load: 1 | SIZE: 48880 .
25.02.2025 22:41 -> 0 Debug/File
Image was load: 2 | SIZE: 66496 .
25.02.2025 22:42 -> 0 Debug/File
Image was load: 1 | SIZE: 48880 .
25.02.2025 22:42 -> 0 Debug/File
Image was load: 2 | SIZE: 66496 .
25.02.2025 22:46 -> 0 Debug/File
Image was load: 1 | SIZE: 48880 .
25.02.2025 22:46 -> 0 Debug/File
Image was load: 2 | SIZE: 66496 .
27.02.2025 0:12 -> 0 Debug/File
Image was load: 1 | SIZE: 48880 .
27.02.2025 0:12 -> 0 Debug/File
Image was load: 2 | SIZE: 66496 .
27.02.2025 0:13 -> 0 Debug/File
System.Data.SqlClient.SqlException (0x80131904): Ошибка преобразования даты или времени из символьной строки.
   в System.Data.SqlClient.SqlConnection.OnError(SqlException exception, Boolean breakConnection, Action`1 wrapCloseInAction)
   в System.Data.SqlClient.SqlInternalConnection.OnError(SqlException exception, Boolean breakConnection, Action`1 wrapCloseInAction)
   в System.Data.SqlClient.TdsParser.ThrowExceptionAndWarning(TdsParserStateObject stateObj, Boolean callerHasConnectionLock, Boolean asyncClose)
   в System.Data.SqlClient.TdsParser.TryRun(RunBehavior runBehavior, SqlCommand cmdHandler, SqlDataReader dataStream, BulkCopySimpleResultSet bulkCopyHandler, TdsParserStateObject stateObj, Boolean& dataReady)
   в System.Data.SqlClient.SqlCommand.RunExecuteNonQueryTds(String methodName, Boolean async, Int32 timeout, Boolean asyncWrite)
   в System.Data.SqlClient.SqlCommand.InternalExecuteNonQuery(TaskCompletionSource`1 completion, String methodName, Boolean sendToPipe, Int32 timeout, Boolean& usedCache, Boolean asyncWrite, Boolean inRetry)
   в System.Data.SqlClient.SqlCommand.ExecuteNonQuery()
   в FitnessClub.Program.Insert(String sql) в C:\Users\кирилл\source\repos\Study\FitnessClub\Program.cs:строка 113
ClientConnectionId:d7ad3171-8bc3-45ac-a5f2-89d58f333aa8
Error Number: 241, State: 1, Class: 16
27.02.2025 0:14 -> 0 Debug/File
Image was load: 1 | SIZE: 48880 .
27.02.2025 0:14 -> 0 Debug/File
Image was load: 2 | SIZE: 66496 .
27.02.2025 0:17 -> 0 Debug/File
Image was load: 1 | SIZE: 48880 .
27.02.2025 0:17 -> 0 Debug/File
Image was load: 2 | SIZE: 66496 .
27.02.2025 0:22 -> 0 Debug/File
Image was load: 1 | SIZE: 48880 .
27.02.2025 0:22 -> 0 Debug/File
Image was load: 2 | SIZE: 66496 .
20.03.2025 3:02 -> 0 Debug/File
Image was load: 1 | SIZE: 48880 .
20.03.2025 3:02 -> 0 Debug/File
Image was load: 2 | SIZE: 66496 .
20.03.2025 3:04 -> 0 Debug/File
Image was load: 1 | SIZE: 48880 .
20.03.2025 3:04 -> 0 Debug/File
Image was load: 2 | SIZE: 66496 .
20.03.2025 3:04 -> 0 Debug/File
Image was load: 3 | SIZE: 174764 .
20.03.2025 3:04 -> 0 Debug/File
System.InvalidOperationException: Существует назначенный этой команде Command открытый DataReader, который требуется предварительно закрыть.
   в System.Data.SqlClient.SqlInternalConnectionTds.ValidateConnectionForExecute(SqlCommand command)
   в System.Data.SqlClient.SqlConnection.ValidateConnectionForExecute(String method, SqlCommand command)
   в System.Data.SqlClient.SqlCommand.ValidateCommand(String method, Boolean async)
   в System.Data.SqlClient.SqlCommand.InternalExecuteNonQuery(TaskCompletionSource`1 completion, String methodName, Boolean sendToPipe, Int32 timeout, Boolean& usedCache, Boolean asyncWrite, Boolean inRetry)
   в System.Data.SqlClient.SqlCommand.ExecuteNonQuery()
   в FitnessClub.Program.Insert(String sql) в C:\Users\кирилл\source\repos\Study\FitnessClub\Program.cs:строка 113
20.03.2025 3:07 -> 0 Debug/File
System.InvalidOperationException: Существует назначенный этой команде Command открытый DataReader, который требуется предварительно закрыть.
   в System.Data.SqlClient.SqlInternalConnectionTds.ValidateConnectionForExecute(SqlCommand command)
   в System.Data.SqlClient.SqlConnection.ValidateConnectionForExecute(String method, SqlCommand command)
   в System.Data.SqlClient.SqlCommand.ValidateCommand(String method, Boolean async)
   в System.Data.SqlClient.SqlCommand.InternalExecuteNonQuery(TaskCompletionSource`1 completion, String methodName, Boolean sendToPipe, Int32 timeout, Boolean& usedCache, Boolean asyncWrite, Boolean inRetry)
   в System.Data.SqlClient.SqlCommand.ExecuteNonQuery()
   в FitnessClub.Program.Insert(String sql) в C:\Users\кирилл\source\repos\Study\FitnessClub\Program.cs:строка 113
20.03.2025 3:07 -> 0 Debug/File
Image was load: 1 | SIZE: 48880 .
20.03.2025 3:07 -> 0 Debug/File
Image was load: 2 | SIZE: 66496 .
20.03.2025 3:07 -> 0 Debug/File
Image was load: 3 | SIZE: 174764 .
20.03.2025 3:07 -> 0 Debug/File
Image was load: 4 | SIZE: 77924 .
20.03.2025 3:08 -> 0 Debug/File
Image was load: 1 | SIZE: 48880 .
20.03.2025 3:08 -> 0 Debug/File
Image was load: 2 | SIZE: 66496 .
20.03.2025 3:08 -> 0 Debug/File
Image was load: 4 | SIZE: 77924 .
20.03.2025 3:08 -> 0 Debug/File
Image was load: 1 | SIZE: 48880 .
20.03.2025 3:08 -> 0 Debug/File
Image was load: 2 | SIZE: 66496 .
20.03.2025 3:19 -> 0 Debug/File
Image was load: 1 | SIZE: 48880 .
20.03.2025 3:19 -> 0 Debug/File
Image was load: 2 | SIZE: 66496 .
20.03.2025 3:20 -> 0 Debug/File
Image was load: 1 | SIZE: 48880 .
20.03.2025 3:20 -> 0 Debug/File
Image was load: 2 | SIZE: 66496 .
20.03.2025 3:20 -> 0 Debug/File
Image was load: 3 | SIZE: 77924 .
20.03.2025 3:20 -> 0 Debug/File
Image was load: 1 | SIZE: 48880 .
20.03.2025 3:20 -> 0 Debug/File
Image was load: 2 | SIZE: 66496 .
20.03.2025 3:20 -> 0 Debug/File
Image was load: 3 | SIZE: 77924 .
20.03.2025 3:21 -> 0 Debug/File
Image was load: 1 | SIZE: 48880 .
20.03.2025 3:21 -> 0 Debug/File
Image was load: 2 | SIZE: 66496 .
20.03.2025 3:21 -> 0 Debug/File
Image was load: 3 | SIZE: 77924 .
20.03.2025 3:25 -> 0 Debug/File
Image was load: 1 | SIZE: 48880 .
20.03.2025 3:25 -> 0 Debug/File
Image was load: 2 | SIZE: 66496 .
20.03.2025 3:25 -> 0 Debug/File
Image was load: 3 | SIZE: 77924 .
20.03.2025 3:25 -> 0 Debug/File
Image was load: 1 | SIZE: 48880 .
20.03.2025 3:25 -> 0 Debug/File
Image was load: 2 | SIZE: 66496 .
20.03.2025 3:25 -> 0 Debug/File
Image was load: 3 | SIZE: 77924 .
20.03.2025 3:25 -> 0 Debug/File
Image was load: 1 | SIZE: 48880 .
20.03.2025 3:25 -> 0 Debug/File
Image was load: 2 | SIZE: 66496 .
20.03.2025 3:25 -> 0 Debug/File
Image was load: 3 | SIZE: 77924 .
20.03.2025 3:26 -> 0 Debug/File
Image was load: 1 | SIZE: 48880 .
20.03.2025 3:26 -> 0 Debug/File
Image was load: 2 | SIZE: 66496 .
20.03.2025 3:26 -> 0 Debug/File
Image was load: 3 | SIZE: 77924 .
20.03.2025 3:26 -> 0 Debug/File
Image was load: 1 | SIZE: 48880 .
20.03.2025 3:26 -> 0 Debug/File
Image was load: 2 | SIZE: 66496 .
20.03.2025 3:26 -> 0 Debug/File
System.Data.SqlClient.SqlException (0x80131904): Конфликт инструкции DELETE с ограничением REFERENCE "FK_Clients_Images". Конфликт произошел в базе данных "FitnessClub", таблица "dbo.Clients", column 'ImageID'.
Выполнение данной инструкции было прервано.
   в System.Data.SqlClient.SqlConnection.OnError(SqlException exception, Boolean breakConnection, Action`1 wrapCloseInAction)
   в System.Data.SqlClient.SqlInternalConnection.OnError(SqlException exception, Boolean breakConnection, Action`1 wrapCloseInAction)
   в System.Data.SqlClient.TdsParser.ThrowExceptionAndWarning(TdsParserStateObject stateObj, Boolean callerHasConnectionLock, Boolean asyncClose)
   в System.Data.SqlClient.TdsParser.TryRun(RunBehavior runBehavior, SqlCommand cmdHandler, SqlDataReader dataStream, BulkCopySimpleResultSet bulkCopyHandler, TdsParserStateObject stateObj, Boolean& dataReady)
   в System.Data.SqlClient.SqlCommand.RunExecuteNonQueryTds(String methodName, Boolean async, Int32 timeout, Boolean asyncWrite)
   в System.Data.SqlClient.SqlCommand.InternalExecuteNonQuery(TaskCompletionSource`1 completion, String methodName, Boolean sendToPipe, Int32 timeout, Boolean& usedCache, Boolean asyncWrite, Boolean inRetry)
   в System.Data.SqlClient.SqlCommand.ExecuteNonQuery()
   в FitnessClub.Program.Insert(String sql) в C:\Users\кирилл\source\repos\Study\FitnessClub\Program.cs:строка 116
ClientConnectionId:2b7e6009-2928-4f60-97da-5f1241374b08
Error Number: 547, State: 0, Class: 16
20.03.2025 3:26 -> 0 Debug/File
Image was load: 1 | SIZE: 48880 .
20.03.2025 3:26 -> 0 Debug/File
Image was load: 2 | SIZE: 66496 .
20.03.2025 3:27 -> 0 Debug/File
System.Data.SqlClient.SqlException (0x80131904): Конфликт инструкции DELETE с ограничением REFERENCE "FK_Clients_Images". Конфликт произошел в базе данных "FitnessClub", таблица "dbo.Clients", column 'ImageID'.
Выполнение данной инструкции было прервано.
   в System.Data.SqlClient.SqlConnection.OnError(SqlException exception, Boolean breakConnection, Action`1 wrapCloseInAction)
   в System.Data.SqlClient.SqlInternalConnection.OnError(SqlException exception, Boolean breakConnection, Action`1 wrapCloseInAction)
   в System.Data.SqlClient.TdsParser.ThrowExceptionAndWarning(TdsParserStateObject stateObj, Boolean callerHasConnectionLock, Boolean asyncClose)
   в System.Data.SqlClient.TdsParser.TryRun(RunBehavior runBehavior, SqlCommand cmdHandler, SqlDataReader dataStream, BulkCopySimpleResultSet bulkCopyHandler, TdsParserStateObject stateObj, Boolean& dataReady)
   в System.Data.SqlClient.SqlCommand.RunExecuteNonQueryTds(String methodName, Boolean async, Int32 timeout, Boolean asyncWrite)
   в System.Data.SqlClient.SqlCommand.InternalExecuteNonQuery(TaskCompletionSource`1 completion, String methodName, Boolean sendToPipe, Int32 timeout, Boolean& usedCache, Boolean asyncWrite, Boolean inRetry)
   в System.Data.SqlClient.SqlCommand.ExecuteNonQuery()
   в FitnessClub.Program.Insert(String sql) в C:\Users\кирилл\source\repos\Study\FitnessClub\Program.cs:строка 116
ClientConnectionId:2b7e6009-2928-4f60-97da-5f1241374b08
Error Number: 547, State: 0, Class: 16
20.03.2025 3:27 -> 0 Debug/File
Image was load: 1 | SIZE: 48880 .
20.03.2025 3:27 -> 0 Debug/File
Image was load: 2 | SIZE: 66496 .
20.03.2025 3:27 -> 0 Debug/File
System.Data.SqlClient.SqlException (0x80131904): Конфликт инструкции DELETE с ограничением REFERENCE "FK_Clients_Images". Конфликт произошел в базе данных "FitnessClub", таблица "dbo.Clients", column 'ImageID'.
Выполнение данной инструкции было прервано.
   в System.Data.SqlClient.SqlConnection.OnError(SqlException exception, Boolean breakConnection, Action`1 wrapCloseInAction)
   в System.Data.SqlClient.SqlInternalConnection.OnError(SqlException exception, Boolean breakConnection, Action`1 wrapCloseInAction)
   в System.Data.SqlClient.TdsParser.ThrowExceptionAndWarning(TdsParserStateObject stateObj, Boolean callerHasConnectionLock, Boolean asyncClose)
   в System.Data.SqlClient.TdsParser.TryRun(RunBehavior runBehavior, SqlCommand cmdHandler, SqlDataReader dataStream, BulkCopySimpleResultSet bulkCopyHandler, TdsParserStateObject stateObj, Boolean& dataReady)
   в System.Data.SqlClient.SqlCommand.RunExecuteNonQueryTds(String methodName, Boolean async, Int32 timeout, Boolean asyncWrite)
   в System.Data.SqlClient.SqlCommand.InternalExecuteNonQuery(TaskCompletionSource`1 completion, String methodName, Boolean sendToPipe, Int32 timeout, Boolean& usedCache, Boolean asyncWrite, Boolean inRetry)
   в System.Data.SqlClient.SqlCommand.ExecuteNonQuery()
   в FitnessClub.Program.Insert(String sql) в C:\Users\кирилл\source\repos\Study\FitnessClub\Program.cs:строка 116
ClientConnectionId:2b7e6009-2928-4f60-97da-5f1241374b08
Error Number: 547, State: 0, Class: 16
20.03.2025 3:27 -> 0 Debug/File
Image was load: 1 | SIZE: 48880 .
20.03.2025 3:27 -> 0 Debug/File
Image was load: 2 | SIZE: 66496 .
20.03.2025 3:39 -> 0 Debug/File
Image was load: 1 | SIZE: 48880 .
20.03.2025 3:39 -> 0 Debug/File
Image was load: 2 | SIZE: 66496 .
20.03.2025 3:41 -> 0 Debug/File
Image was load: 1 | SIZE: 48880 .
20.03.2025 3:41 -> 0 Debug/File
Image was load: 2 | SIZE: 66496 .
20.03.2025 3:41 -> 0 Debug/File
Image was load: 1 | SIZE: 48880 .
20.03.2025 3:41 -> 0 Debug/File
Image was load: 2 | SIZE: 66496 .
20.03.2025 3:41 -> 0 Debug/File
Image was load: 3 | SIZE: 77924 .
20.03.2025 3:41 -> 0 Debug/File
Image was load: 1 | SIZE: 48880 .
20.03.2025 3:41 -> 0 Debug/File
Image was load: 2 | SIZE: 66496 .
20.03.2025 3:41 -> 0 Debug/File
Image was load: 3 | SIZE: 77924 .
20.03.2025 3:41 -> 0 Debug/File
Image was load: 4 | SIZE: 33484 .
20.03.2025 3:42 -> 0 Debug/File
Image was load: 1 | SIZE: 48880 .
20.03.2025 3:42 -> 0 Debug/File
Image was load: 2 | SIZE: 66496 .
20.03.2025 3:42 -> 0 Debug/File
Image was load: 4 | SIZE: 33484 .
20.03.2025 3:42 -> 0 Debug/File
Image was load: 1 | SIZE: 48880 .
20.03.2025 3:42 -> 0 Debug/File
Image was load: 2 | SIZE: 66496 .
20.03.2025 3:42 -> 0 Debug/File
Image was load: 1 | SIZE: 48880 .
20.03.2025 3:42 -> 0 Debug/File
Image was load: 2 | SIZE: 66496 .
20.03.2025 3:47 -> 0 Debug/File
Image was load: 1 | SIZE: 48880 .
20.03.2025 3:47 -> 0 Debug/File
Image was load: 2 | SIZE: 66496 .
20.03.2025 3:47 -> 0 Debug/File
Image was load: 1 | SIZE: 48880 .
20.03.2025 3:47 -> 0 Debug/File
Image was load: 2 | SIZE: 66496 .
20.03.2025 3:51 -> 0 Debug/File
Image was load: 1 | SIZE: 48880 .
20.03.2025 3:51 -> 0 Debug/File
Image was load: 2 | SIZE: 66496 .
20.03.2025 3:51 -> 0 Debug/File
Image was load: 1 | SIZE: 48880 .
20.03.2025 3:51 -> 0 Debug/File
Image was load: 2 | SIZE: 66496 .
20.03.2025 3:53 -> 0 Debug/File
Image was load: 1 | SIZE: 48880 .
20.03.2025 3:53 -> 0 Debug/File
Image was load: 2 | SIZE: 66496 .
20.03.2025 4:27 -> 0 Debug/File
Image was load: 1 | SIZE: 48880 .
20.03.2025 4:27 -> 0 Debug/File
Image was load: 2 | SIZE: 66496 .
20.03.2025 4:30 -> 0 Debug/File
Image was load: 1 | SIZE: 48880 .
20.03.2025 4:30 -> 0 Debug/File
Image was load: 2 | SIZE: 66496 .
17.04.2025 13:21 -> 0 Debug/File
Image was load: 1 | SIZE: 48880 .
17.04.2025 13:21 -> 0 Debug/File
Image was load: 2 | SIZE: 66496 .
17.04.2025 13:26 -> 0 Debug/File
Image was load: 1 | SIZE: 48880 .
17.04.2025 13:26 -> 0 Debug/File
Image was load: 2 | SIZE: 66496 .
17.04.2025 13:26 -> 0 Debug/File
Image was load: 3 | SIZE: 5108 .
17.04.2025 13:39 -> 0 Debug/File
Image was load: 1 | SIZE: 48880 .
17.04.2025 13:39 -> 0 Debug/File
Image was load: 2 | SIZE: 66496 .
17.04.2025 13:39 -> 0 Debug/File
Image was load: 3 | SIZE: 5108 .
17.04.2025 13:41 -> 0 Debug/File
System.Data.SqlClient.SqlException (0x80131904): Конфликт инструкции DELETE с ограничением REFERENCE "FK_Clients_Images". Конфликт произошел в базе данных "FitnessClub", таблица "dbo.Clients", column 'ImageID'.
Выполнение данной инструкции было прервано.
   в System.Data.SqlClient.SqlConnection.OnError(SqlException exception, Boolean breakConnection, Action`1 wrapCloseInAction)
   в System.Data.SqlClient.SqlInternalConnection.OnError(SqlException exception, Boolean breakConnection, Action`1 wrapCloseInAction)
   в System.Data.SqlClient.TdsParser.ThrowExceptionAndWarning(TdsParserStateObject stateObj, Boolean callerHasConnectionLock, Boolean asyncClose)
   в System.Data.SqlClient.TdsParser.TryRun(RunBehavior runBehavior, SqlCommand cmdHandler, SqlDataReader dataStream, BulkCopySimpleResultSet bulkCopyHandler, TdsParserStateObject stateObj, Boolean& dataReady)
   в System.Data.SqlClient.SqlCommand.RunExecuteNonQueryTds(String methodName, Boolean async, Int32 timeout, Boolean asyncWrite)
   в System.Data.SqlClient.SqlCommand.InternalExecuteNonQuery(TaskCompletionSource`1 completion, String methodName, Boolean sendToPipe, Int32 timeout, Boolean& usedCache, Boolean asyncWrite, Boolean inRetry)
   в System.Data.SqlClient.SqlCommand.ExecuteNonQuery()
   в FitnessClub.Program.Insert(String sql) в C:\Users\кирилл\source\repos\Study\FitnessClub\Program.cs:строка 116
ClientConnectionId:e33e6c4e-f717-42d4-832b-40c596e7a841
Error Number: 547, State: 0, Class: 16
17.04.2025 13:41 -> 0 Debug/File
Image was load: 1 | SIZE: 48880 .
17.04.2025 13:41 -> 0 Debug/File
Image was load: 2 | SIZE: 66496 .
17.04.2025 13:41 -> 0 Debug/File
Image was load: 3 | SIZE: 5108 .
17.04.2025 13:42 -> 0 Debug/File
System.Data.SqlClient.SqlException (0x80131904): Конфликт инструкции DELETE с ограничением REFERENCE "FK_Clients_Images". Конфликт произошел в базе данных "FitnessClub", таблица "dbo.Clients", column 'ImageID'.
Выполнение данной инструкции было прервано.
   в System.Data.SqlClient.SqlConnection.OnError(SqlException exception, Boolean breakConnection, Action`1 wrapCloseInAction)
   в System.Data.SqlClient.SqlInternalConnection.OnError(SqlException exception, Boolean breakConnection, Action`1 wrapCloseInAction)
   в System.Data.SqlClient.TdsParser.ThrowExceptionAndWarning(TdsParserStateObject stateObj, Boolean callerHasConnectionLock, Boolean asyncClose)
   в System.Data.SqlClient.TdsParser.TryRun(RunBehavior runBehavior, SqlCommand cmdHandler, SqlDataReader dataStream, BulkCopySimpleResultSet bulkCopyHandler, TdsParserStateObject stateObj, Boolean& dataReady)
   в System.Data.SqlClient.SqlCommand.RunExecuteNonQueryTds(String methodName, Boolean async, Int32 timeout, Boolean asyncWrite)
   в System.Data.SqlClient.SqlCommand.InternalExecuteNonQuery(TaskCompletionSource`1 completion, String methodName, Boolean sendToPipe, Int32 timeout, Boolean& usedCache, Boolean asyncWrite, Boolean inRetry)
   в System.Data.SqlClient.SqlCommand.ExecuteNonQuery()
   в FitnessClub.Program.Insert(String sql) в C:\Users\кирилл\source\repos\Study\FitnessClub\Program.cs:строка 116
ClientConnectionId:e33e6c4e-f717-42d4-832b-40c596e7a841
Error Number: 547, State: 0, Class: 16
17.04.2025 13:42 -> 0 Debug/File
Image was load: 1 | SIZE: 48880 .
17.04.2025 13:42 -> 0 Debug/File
Image was load: 2 | SIZE: 66496 .
17.04.2025 13:42 -> 0 Debug/File
Image was load: 3 | SIZE: 5108 .
17.04.2025 13:44 -> 0 Debug/File
Image was load: 1 | SIZE: 48880 .
17.04.2025 13:44 -> 0 Debug/File
Image was load: 2 | SIZE: 66496 .
18.04.2025 23:13 -> 0 Debug/File
Image was load: 1 | SIZE: 48880 .
18.04.2025 23:13 -> 0 Debug/File
Image was load: 2 | SIZE: 66496 .
23.04.2025 2:41 -> 0 Debug/File
Image was load: 1 | SIZE: 48880 .
23.04.2025 2:41 -> 0 Debug/File
Image was load: 2 | SIZE: 66496 .
24.04.2025 23:00 -> 0 Debug/File
Image was load: 1 | SIZE: 48880 .
24.04.2025 23:00 -> 0 Debug/File
Image was load: 2 | SIZE: 66496 .
24.04.2025 23:23 -> 0 Debug/File
Image was load: 1 | SIZE: 48880 .
24.04.2025 23:23 -> 0 Debug/File
Image was load: 2 | SIZE: 66496 .
24.04.2025 23:23 -> 0 Debug/File
Image was load: 1 | SIZE: 48880 .
24.04.2025 23:23 -> 0 Debug/File
Image was load: 2 | SIZE: 66496 .
25.04.2025 0:01 -> 0 Debug/File
Image was load: 1 | SIZE: 48880 .
25.04.2025 0:01 -> 0 Debug/File
Image was load: 2 | SIZE: 66496 .
25.04.2025 0:13 -> 0 Debug/File
Image was load: 1 | SIZE: 48880 .
25.04.2025 0:13 -> 0 Debug/File
Image was load: 2 | SIZE: 66496 .
25.04.2025 0:28 -> 0 Debug/File
Image was load: 1 | SIZE: 48880 .
25.04.2025 0:28 -> 0 Debug/File
Image was load: 2 | SIZE: 66496 .
25.04.2025 0:35 -> 0 Debug/File
Image was load: 1 | SIZE: 48880 .
25.04.2025 0:35 -> 0 Debug/File
Image was load: 2 | SIZE: 66496 .